Arguments: 
  C:\Program Files\nodejs\node.exe C:\Program Files (x86)\Yarn\bin\yarn.js init

PATH: 
  C:\Program Files\Git\mingw64\bin;C:\Program Files\Git\usr\bin;C:\Users\ddrra\bin;C:\ProgramData\DockerDesktop\version-bin;C:\Program Files\Docker\Docker\Resources\bin;C:\Python27;C:\Python27\Scripts;C:\Program Files (x86)\Common Files\Oracle\Java\javapath;C:\tools\ruby24\bin;C:\Program Files (x86)\Razer Chroma SDK\bin;C:\Program Files\Razer Chroma SDK\bin;C:\Windows\system32;C:\Windows;C:\Windows\System32\Wbem;C:\Windows\System32\WindowsPowerShell\v1.0;C:\Users\ddrra\AppData\Local\Microsoft\WindowsApps;C:\Program Files\Amazon\AWSCLI;C:\Program Files (x86)\NVIDIA Corporation\PhysX\Common;C:\WINDOWS\system32;C:\WINDOWS;C:\WINDOWS\System32\Wbem;C:\WINDOWS\System32\WindowsPowerShell\v1.0;C:\ProgramData\chocolatey\bin;C:\WINDOWS\System32\OpenSSH;C:\Go\bin;C:\Program Files\Microsoft VS Code Insiders\bin;C:\Program Files (x86)\Yarn\bin;C:\Program Files\Git\cmd;C:\Program Files\nodejs;C:\Users\ddrra\AppData\Local\Programs\Python\Python37-32\Scripts;C:\Users\ddrra\AppData\Local\Programs\Python\Python37-32;C:\Ruby25-x64\bin;C:\Users\ddrra\AppData\Local\Microsoft\WindowsApps;C:\Users\ddrra\AppData\Local\now-cli;C:\Program Files\heroku\bin;%GOPATH%\bin;C:\Users\ddrra\AppData\Local\Yarn\bin;C:\Users\ddrra\AppData\Roaming\npm

Yarn version: 
  1.13.0

Node version: 
  11.6.0

Platform: 
  win32 x64

Trace: 
  Error: canceled
      at Interface.<anonymous> (C:\Program Files (x86)\Yarn\lib\cli.js:125657:13)
      at Interface.emit (events.js:188:13)
      at Interface._ttyWrite (readline.js:799:16)
      at ReadStream.onkeypress (readline.js:184:10)
      at ReadStream.emit (events.js:188:13)
      at emitKeys (internal/readline.js:424:14)
      at emitKeys.next (<anonymous>)
      at ReadStream.onData (readline.js:1071:36)
      at ReadStream.emit (events.js:188:13)
      at addChunk (_stream_readable.js:288:12)

npm manifest: 
  No manifest

yarn manifest: 
  No manifest

Lockfile: 
  No lockfile
